C:\USERS\COMPAQ\DOCUMENTS\VISUAL STUDIO 2010\PROJECTS\SCOPERESOLUTION\DEBUG\SCOPERESOLUTION.EXE
C:\USERS\COMPAQ\DOCUMENTS\VISUAL STUDIO 2010\PROJECTS\SCOPERESOLUTION\DEBUG\SCOPERESOLUTION.ILK
C:\USERS\COMPAQ\DOCUMENTS\VISUAL STUDIO 2010\PROJECTS\SCOPERESOLUTION\DEBUG\SCOPERESOLUTION.PDB
c:\Users\COMPAQ\documents\visual studio 2010\Projects\ScopeResolution\ScopeResolution\Debug\cl.command.1.tlog
c:\Users\COMPAQ\documents\visual studio 2010\Projects\ScopeResolution\ScopeResolution\Debug\CL.read.1.tlog
c:\Users\COMPAQ\documents\visual studio 2010\Projects\ScopeResolution\ScopeResolution\Debug\CL.write.1.tlog
C:\USERS\COMPAQ\DOCUMENTS\VISUAL STUDIO 2010\PROJECTS\SCOPERESOLUTION\SCOPERESOLUTION\DEBUG\DATE.OBJ
c:\Users\COMPAQ\documents\visual studio 2010\Projects\ScopeResolution\ScopeResolution\Debug\link.1456.read.1.tlog
c:\Users\COMPAQ\documents\visual studio 2010\Projects\ScopeResolution\ScopeResolution\Debug\link.1456.write.1.tlog
c:\Users\COMPAQ\documents\visual studio 2010\Projects\ScopeResolution\ScopeResolution\Debug\link.1456-cvtres.read.1.tlog
c:\Users\COMPAQ\documents\visual studio 2010\Projects\ScopeResolution\ScopeResolution\Debug\link.1456-cvtres.write.1.tlog
c:\Users\COMPAQ\documents\visual studio 2010\Projects\ScopeResolution\ScopeResolution\Debug\link.command.1.tlog
c:\Users\COMPAQ\documents\visual studio 2010\Projects\ScopeResolution\ScopeResolution\Debug\link.read.1.tlog
c:\Users\COMPAQ\documents\visual studio 2010\Projects\ScopeResolution\ScopeResolution\Debug\link.write.1.tlog
c:\Users\COMPAQ\documents\visual studio 2010\Projects\ScopeResolution\ScopeResolution\Debug\link-cvtres.read.1.tlog
c:\Users\COMPAQ\documents\visual studio 2010\Projects\ScopeResolution\ScopeResolution\Debug\link-cvtres.write.1.tlog
C:\USERS\COMPAQ\DOCUMENTS\VISUAL STUDIO 2010\PROJECTS\SCOPERESOLUTION\SCOPERESOLUTION\DEBUG\MAIN.OBJ
c:\Users\COMPAQ\documents\visual studio 2010\Projects\ScopeResolution\ScopeResolution\Debug\mt.command.1.tlog
c:\Users\COMPAQ\documents\visual studio 2010\Projects\ScopeResolution\ScopeResolution\Debug\mt.read.1.tlog
c:\Users\COMPAQ\documents\visual studio 2010\Projects\ScopeResolution\ScopeResolution\Debug\mt.write.1.tlog
c:\Users\COMPAQ\documents\visual studio 2010\Projects\ScopeResolution\ScopeResolution\Debug\rc.command.1.tlog
c:\Users\COMPAQ\documents\visual studio 2010\Projects\ScopeResolution\ScopeResolution\Debug\rc.read.1.tlog
c:\Users\COMPAQ\documents\visual studio 2010\Projects\ScopeResolution\ScopeResolution\Debug\rc.write.1.tlog
C:\USERS\COMPAQ\DOCUMENTS\VISUAL STUDIO 2010\PROJECTS\SCOPERESOLUTION\SCOPERESOLUTION\DEBUG\SCOPERESOLUTION.EXE.EMBED.MANIFEST
C:\USERS\COMPAQ\DOCUMENTS\VISUAL STUDIO 2010\PROJECTS\SCOPERESOLUTION\SCOPERESOLUTION\DEBUG\SCOPERESOLUTION.EXE.EMBED.MANIFEST.RES
C:\USERS\COMPAQ\DOCUMENTS\VISUAL STUDIO 2010\PROJECTS\SCOPERESOLUTION\SCOPERESOLUTION\DEBUG\SCOPERESOLUTION.EXE.INTERMEDIATE.MANIFEST
c:\Users\COMPAQ\documents\visual studio 2010\Projects\ScopeResolution\ScopeResolution\Debug\ScopeResolution_manifest.rc
c:\Users\COMPAQ\documents\visual studio 2010\Projects\ScopeResolution\ScopeResolution\Debug\vc100.idb
C:\USERS\COMPAQ\DOCUMENTS\VISUAL STUDIO 2010\PROJECTS\SCOPERESOLUTION\SCOPERESOLUTION\DEBUG\VC100.PDB
