Build started 1/16/2001 1:39:20 AM.
     1>Project "c:\Users\COMPAQ\documents\visual studio 2010\Projects\ScopeResolution\ScopeResolution\ScopeResolution.vcxproj" on node 2 (build target(s)).
     1>InitializeBuildStatus:
         Creating "Debug\ScopeResolution.unsuccessfulbuild" because "AlwaysCreate" was specified.
       ClCompile:
         C:\Program Files\Microsoft Visual Studio 10.0\VC\bin\CL.exe /c /ZI /nologo /W3 /WX- /Od /Oy- /D WIN32 /D _DEBUG /D _CONSOLE /D _UNICODE /D UNICODE /Gm /EHsc /RTC1 /MDd /GS /fp:precise /Zc:wchar_t /Zc:forScope /Fo"Debug\\" /Fd"Debug\vc100.pdb" /Gd /TP /analyze- /errorReport:prompt ..\..\..\..\..\Desktop\Date.cpp ..\..\..\..\..\Desktop\main.cpp
         Skipping... (no relevant changes detected)
         main.cpp
         Date.cpp
       ManifestResourceCompile:
         All outputs are up-to-date.
       Link:
         C:\Program Files\Microsoft Visual Studio 10.0\VC\bin\link.exe /ERRORREPORT:PROMPT /OUT:"c:\users\compaq\documents\visual studio 2010\Projects\ScopeResolution\Debug\ScopeResolution.exe" /INCREMENTAL /NOLOGO kernel32.lib user32.lib gdi32.lib winspool.lib comdlg32.lib advapi32.lib shell32.lib ole32.lib oleaut32.lib uuid.lib odbc32.lib odbccp32.lib /MANIFEST /ManifestFile:"Debug\ScopeResolution.exe.intermediate.manifest" /MANIFESTUAC:"level='asInvoker' uiAccess='false'" /DEBUG /PDB:"c:\users\compaq\documents\visual studio 2010\Projects\ScopeResolution\Debug\ScopeResolution.pdb" /SUBSYSTEM:CONSOLE /TLBID:1 /DYNAMICBASE /NXCOMPAT /IMPLIB:"c:\users\compaq\documents\visual studio 2010\Projects\ScopeResolution\Debug\ScopeResolution.lib" /MACHINE:X86 Debug\ScopeResolution.exe.embed.manifest.res
         Debug\Date.obj
         Debug\main.obj
       Manifest:
         C:\Program Files\Microsoft SDKs\Windows\v7.0A\bin\mt.exe /nologo /verbose /out:"Debug\ScopeResolution.exe.embed.manifest" /manifest Debug\ScopeResolution.exe.intermediate.manifest
         All outputs are up-to-date.
       LinkEmbedManifest:
         C:\Program Files\Microsoft Visual Studio 10.0\VC\bin\link.exe /ERRORREPORT:PROMPT /OUT:"c:\users\compaq\documents\visual studio 2010\Projects\ScopeResolution\Debug\ScopeResolution.exe" /INCREMENTAL /NOLOGO kernel32.lib user32.lib gdi32.lib winspool.lib comdlg32.lib advapi32.lib shell32.lib ole32.lib oleaut32.lib uuid.lib odbc32.lib odbccp32.lib /MANIFEST /ManifestFile:"Debug\ScopeResolution.exe.intermediate.manifest" /MANIFESTUAC:"level='asInvoker' uiAccess='false'" /DEBUG /PDB:"c:\users\compaq\documents\visual studio 2010\Projects\ScopeResolution\Debug\ScopeResolution.pdb" /SUBSYSTEM:CONSOLE /TLBID:1 /DYNAMICBASE /NXCOMPAT /IMPLIB:"c:\users\compaq\documents\visual studio 2010\Projects\ScopeResolution\Debug\ScopeResolution.lib" /MACHINE:X86 Debug\ScopeResolution.exe.embed.manifest.res
         Debug\Date.obj
         Debug\main.obj
         ScopeResolution.vcxproj -> c:\users\compaq\documents\visual studio 2010\Projects\ScopeResolution\Debug\ScopeResolution.exe
       FinalizeBuildStatus:
         Deleting file "Debug\ScopeResolution.unsuccessfulbuild".
         Touching "Debug\ScopeResolution.lastbuildstate".
     1>Done Building Project "c:\Users\COMPAQ\documents\visual studio 2010\Projects\ScopeResolution\ScopeResolution\ScopeResolution.vcxproj" (build target(s)).

Build succeeded.

Time Elapsed 00:00:01.43
